Started GET "/" for 127.0.0.1 at 2018-12-15 14:50:33 +0530
Processing by Rails::WelcomeController#index as HTML
  Rendering /Users/juhomi/.rvm/gems/ruby-2.5.1/gems/railties-5.2.2/lib/rails/templates/rails/welcome/index.html.erb
  Rendered /Users/juhomi/.rvm/gems/ruby-2.5.1/gems/railties-5.2.2/lib/rails/templates/rails/welcome/index.html.erb (5.4ms)
Completed 200 OK in 26ms (Views: 16.3ms | ActiveRecord: 0.0ms)


Started GET "/employees/new" for 127.0.0.1 at 2018-12-15 16:05:02 +0530
Processing by EmployeesController#new as HTML
  Rendering employees/new.html.erb within layouts/application
  Rendered employees/new.html.erb within layouts/application (0.6ms)
Completed 200 OK in 605ms (Views: 601.5ms | ActiveRecord: 0.0ms)


Started GET "/employees/new" for 127.0.0.1 at 2018-12-15 16:08:50 +0530
Processing by EmployeesController#new as HTML
  Rendering employees/new.html.erb within layouts/application
  Rendered employees/new.html.erb within layouts/application (20.0ms)
Completed 500 Internal Server Error in 29ms (ActiveRecord: 0.0ms)


  
ActionView::Template::Error (First argument in form cannot contain nil or be empty):
    1: <h2>Create Employees</h2>
    2: <hr>
    3: <%= form_for @employee do |f| -%>
    4: 
    5: 	<%  if @employee.errors.any? %>
    6: 		<% @employee.errors.full_messages.each do |msg|  %>
  
app/views/employees/new.html.erb:3:in `_app_views_employees_new_html_erb___1945764651007036804_70178290336400'
Started GET "/employees/new" for 127.0.0.1 at 2018-12-15 16:09:33 +0530
Processing by EmployeesController#new as HTML
Completed 500 Internal Server Error in 3ms (ActiveRecord: 0.0ms)


  
NameError (uninitialized constant EmployeesController::Employee):
  
app/controllers/employees_controller.rb:6:in `new'
  [1m[35m (0.1ms)[0m  [1m[34mSELECT sqlite_version(*)[0m
  ↳ bin/rails:9
  [1m[35m (3.0ms)[0m  [1m[35mCREATE TABLE "schema_migrations" ("version" varchar NOT NULL PRIMARY KEY)[0m
  ↳ bin/rails:9
  [1m[35m (2.1ms)[0m  [1m[35mCREATE TABLE "ar_internal_metadata" ("key" varchar NOT NULL PRIMARY KEY, "value" varchar, "created_at" datetime NOT NULL, "updated_at" datetime NOT NULL)[0m
  ↳ bin/rails:9
  [1m[35m (0.2ms)[0m  [1m[34mSELECT "schema_migrations"."version" FROM "schema_migrations" ORDER BY "schema_migrations"."version" ASC[0m
  ↳ bin/rails:9
Migrating to CreateEmployees (20181215104419)
  [1m[35m (0.1ms)[0m  [1m[36mbegin transaction[0m
  ↳ bin/rails:9
  [1m[35m (0.6ms)[0m  [1m[35mCREATE TABLE "employees" ("id" integer PRIMARY KEY AUTOINCREMENT NOT NULL, "name" varchar, "age" integer, "gender" varchar, "designation" varchar, "created_at" datetime NOT NULL, "updated_at" datetime NOT NULL)[0m
  ↳ db/migrate/20181215104419_create_employees.rb:3
  [1m[36mActiveRecord::SchemaMigration Create (0.2ms)[0m  [1m[32mINSERT INTO "schema_migrations" ("version") VALUES (?)[0m  [["version", "20181215104419"]]
  ↳ bin/rails:9
  [1m[35m (1.9ms)[0m  [1m[36mcommit transaction[0m
  ↳ bin/rails:9
  [1m[36mActiveRecord::InternalMetadata Load (0.2ms)[0m  [1m[34mSELECT  "ar_internal_metadata".* FROM "ar_internal_metadata" WHERE "ar_internal_metadata"."key" = ? LIMIT ?[0m  [["key", "environment"], ["LIMIT", 1]]
  ↳ bin/rails:9
  [1m[35m (0.0ms)[0m  [1m[36mbegin transaction[0m
  ↳ bin/rails:9
  [1m[36mActiveRecord::InternalMetadata Create (0.4ms)[0m  [1m[32mINSERT INTO "ar_internal_metadata" ("key", "value", "created_at", "updated_at") VALUES (?, ?, ?, ?)[0m  [["key", "environment"], ["value", "development"], ["created_at", "2018-12-15 10:45:19.940898"], ["updated_at", "2018-12-15 10:45:19.940898"]]
  ↳ bin/rails:9
  [1m[35m (1.6ms)[0m  [1m[36mcommit transaction[0m
  ↳ bin/rails:9
  [1m[35m (0.1ms)[0m  [1m[34mSELECT "schema_migrations"."version" FROM "schema_migrations" ORDER BY "schema_migrations"."version" ASC[0m
  ↳ bin/rails:9
Started GET "/employees/new" for 127.0.0.1 at 2018-12-15 16:18:04 +0530
  [1m[35m (0.2ms)[0m  [1m[34mSELECT "schema_migrations"."version" FROM "schema_migrations" ORDER BY "schema_migrations"."version" ASC[0m
  ↳ /Users/juhomi/.rvm/gems/ruby-2.5.1/gems/activerecord-5.2.2/lib/active_record/log_subscriber.rb:98
Processing by EmployeesController#new as HTML
  Rendering employees/new.html.erb within layouts/application
  Rendered employees/new.html.erb within layouts/application (32.9ms)
Completed 200 OK in 67ms (Views: 54.8ms | ActiveRecord: 0.7ms)


Started GET "/employees/new" for 127.0.0.1 at 2018-12-15 16:19:12 +0530
Processing by EmployeesController#new as HTML
  Rendering employees/new.html.erb within layouts/application
  Rendered employees/new.html.erb within layouts/application (4.5ms)
Completed 200 OK in 33ms (Views: 29.9ms | ActiveRecord: 0.0ms)


Started POST "/employees" for 127.0.0.1 at 2018-12-15 16:19:28 +0530
Processing by EmployeesController#create as HTML
  Parameters: {"utf8"=>"✓", "authenticity_token"=>"IcLJv3TDzgvay4E+Hm+XLLXez2cdM0nOqLjwNc5NbAeOVO7oS3mGeuZGLBdZcaSmmenxst0h6CbLUWhZvH3KDg==", "employee"=>{"name"=>"", "age"=>"", "designation"=>""}, "gender"=>"adult", "commit"=>"Create Employee"}
Completed 500 Internal Server Error in 3ms (ActiveRecord: 0.0ms)


  
ActiveModel::ForbiddenAttributesError (ActiveModel::ForbiddenAttributesError):
  
app/controllers/employees_controller.rb:11:in `create'
Started POST "/employees" for 127.0.0.1 at 2018-12-15 16:20:32 +0530
Processing by EmployeesController#create as HTML
  Parameters: {"utf8"=>"✓", "authenticity_token"=>"IcLJv3TDzgvay4E+Hm+XLLXez2cdM0nOqLjwNc5NbAeOVO7oS3mGeuZGLBdZcaSmmenxst0h6CbLUWhZvH3KDg==", "employee"=>{"name"=>"", "age"=>"", "designation"=>""}, "gender"=>"adult", "commit"=>"Create Employee"}
No template found for EmployeesController#create, rendering head :no_content
Completed 204 No Content in 140ms (ActiveRecord: 0.8ms)


Started GET "/employees" for 127.0.0.1 at 2018-12-15 16:20:35 +0530
Processing by EmployeesController#index as HTML
Completed 406 Not Acceptable in 129ms (ActiveRecord: 0.0ms)


  
ActionController::UnknownFormat (EmployeesController#index is missing a template for this request format and variant.

request.formats: ["text/html"]
request.variant: []

NOTE! For XHR/Ajax or API requests, this action would normally respond with 204 No Content: an empty white screen. Since you're loading it in a web browser, we assume that you expected to actually render a template, not nothing, so we're showing an error to be extra-clear. If you expect 204 No Content, carry on. That's what you'll get from an XHR or API request. Give it a shot.):
  
actionpack (5.2.2) lib/action_controller/metal/implicit_render.rb:55:in `default_render'
actionpack (5.2.2) lib/action_controller/metal/basic_implicit_render.rb:6:in `block in send_action'
actionpack (5.2.2) lib/action_controller/metal/basic_implicit_render.rb:6:in `tap'
actionpack (5.2.2) lib/action_controller/metal/basic_implicit_render.rb:6:in `send_action'
actionpack (5.2.2) lib/abstract_controller/base.rb:194:in `process_action'
actionpack (5.2.2) lib/action_controller/metal/rendering.rb:30:in `process_action'
actionpack (5.2.2) lib/abstract_controller/callbacks.rb:42:in `block in process_action'
activesupport (5.2.2) lib/active_support/callbacks.rb:132:in `run_callbacks'
actionpack (5.2.2) lib/abstract_controller/callbacks.rb:41:in `process_action'
actionpack (5.2.2) lib/action_controller/metal/rescue.rb:22:in `process_action'
actionpack (5.2.2) lib/action_controller/metal/instrumentation.rb:34:in `block in process_action'
activesupport (5.2.2) lib/active_support/notifications.rb:168:in `block in instrument'
activesupport (5.2.2) lib/active_support/notifications/instrumenter.rb:23:in `instrument'
activesupport (5.2.2) lib/active_support/notifications.rb:168:in `instrument'
actionpack (5.2.2) lib/action_controller/metal/instrumentation.rb:32:in `process_action'
actionpack (5.2.2) lib/action_controller/metal/params_wrapper.rb:256:in `process_action'
activerecord (5.2.2) lib/active_record/railties/controller_runtime.rb:24:in `process_action'
actionpack (5.2.2) lib/abstract_controller/base.rb:134:in `process'
actionview (5.2.2) lib/action_view/rendering.rb:32:in `process'
actionpack (5.2.2) lib/action_controller/metal.rb:191:in `dispatch'
actionpack (5.2.2) lib/action_controller/metal.rb:252:in `dispatch'
actionpack (5.2.2) lib/action_dispatch/routing/route_set.rb:52:in `dispatch'
actionpack (5.2.2) lib/action_dispatch/routing/route_set.rb:34:in `serve'
actionpack (5.2.2) lib/action_dispatch/journey/router.rb:52:in `block in serve'
actionpack (5.2.2) lib/action_dispatch/journey/router.rb:35:in `each'
actionpack (5.2.2) lib/action_dispatch/journey/router.rb:35:in `serve'
actionpack (5.2.2) lib/action_dispatch/routing/route_set.rb:840:in `call'
rack (2.0.6) lib/rack/tempfile_reaper.rb:15:in `call'
rack (2.0.6) lib/rack/etag.rb:25:in `call'
rack (2.0.6) lib/rack/conditional_get.rb:25:in `call'
rack (2.0.6) lib/rack/head.rb:12:in `call'
actionpack (5.2.2) lib/action_dispatch/http/content_security_policy.rb:18:in `call'
rack (2.0.6) lib/rack/session/abstract/id.rb:232:in `context'
rack (2.0.6) lib/rack/session/abstract/id.rb:226:in `call'
actionpack (5.2.2) lib/action_dispatch/middleware/cookies.rb:670:in `call'
activerecord (5.2.2) lib/active_record/migration.rb:559:in `call'
actionpack (5.2.2) lib/action_dispatch/middleware/callbacks.rb:28:in `block in call'
activesupport (5.2.2) lib/active_support/callbacks.rb:98:in `run_callbacks'
actionpack (5.2.2) lib/action_dispatch/middleware/callbacks.rb:26:in `call'
actionpack (5.2.2) lib/action_dispatch/middleware/executor.rb:14:in `call'
actionpack (5.2.2) lib/action_dispatch/middleware/debug_exceptions.rb:61:in `call'
web-console (3.7.0) lib/web_console/middleware.rb:135:in `call_app'
web-console (3.7.0) lib/web_console/middleware.rb:30:in `block in call'
web-console (3.7.0) lib/web_console/middleware.rb:20:in `catch'
web-console (3.7.0) lib/web_console/middleware.rb:20:in `call'
actionpack (5.2.2) lib/action_dispatch/middleware/show_exceptions.rb:33:in `call'
railties (5.2.2) lib/rails/rack/logger.rb:38:in `call_app'
railties (5.2.2) lib/rails/rack/logger.rb:26:in `block in call'
activesupport (5.2.2) lib/active_support/tagged_logging.rb:71:in `block in tagged'
activesupport (5.2.2) lib/active_support/tagged_logging.rb:28:in `tagged'
activesupport (5.2.2) lib/active_support/tagged_logging.rb:71:in `tagged'
railties (5.2.2) lib/rails/rack/logger.rb:26:in `call'
sprockets-rails (3.2.1) lib/sprockets/rails/quiet_assets.rb:13:in `call'
actionpack (5.2.2) lib/action_dispatch/middleware/remote_ip.rb:81:in `call'
actionpack (5.2.2) lib/action_dispatch/middleware/request_id.rb:27:in `call'
rack (2.0.6) lib/rack/method_override.rb:22:in `call'
rack (2.0.6) lib/rack/runtime.rb:22:in `call'
activesupport (5.2.2) lib/active_support/cache/strategy/local_cache_middleware.rb:29:in `call'
actionpack (5.2.2) lib/action_dispatch/middleware/executor.rb:14:in `call'
actionpack (5.2.2) lib/action_dispatch/middleware/static.rb:127:in `call'
rack (2.0.6) lib/rack/sendfile.rb:111:in `call'
railties (5.2.2) lib/rails/engine.rb:524:in `call'
puma (3.12.0) lib/puma/configuration.rb:225:in `call'
puma (3.12.0) lib/puma/server.rb:658:in `handle_request'
puma (3.12.0) lib/puma/server.rb:472:in `process_client'
puma (3.12.0) lib/puma/server.rb:332:in `block in run'
puma (3.12.0) lib/puma/thread_pool.rb:133:in `block in spawn_thread'
Started GET "/employees" for 127.0.0.1 at 2018-12-15 16:22:04 +0530
Processing by EmployeesController#index as HTML
Completed 406 Not Acceptable in 125ms (ActiveRecord: 0.0ms)


  
ActionController::UnknownFormat (EmployeesController#index is missing a template for this request format and variant.

request.formats: ["text/html"]
request.variant: []

NOTE! For XHR/Ajax or API requests, this action would normally respond with 204 No Content: an empty white screen. Since you're loading it in a web browser, we assume that you expected to actually render a template, not nothing, so we're showing an error to be extra-clear. If you expect 204 No Content, carry on. That's what you'll get from an XHR or API request. Give it a shot.):
  
actionpack (5.2.2) lib/action_controller/metal/implicit_render.rb:55:in `default_render'
actionpack (5.2.2) lib/action_controller/metal/basic_implicit_render.rb:6:in `block in send_action'
actionpack (5.2.2) lib/action_controller/metal/basic_implicit_render.rb:6:in `tap'
actionpack (5.2.2) lib/action_controller/metal/basic_implicit_render.rb:6:in `send_action'
actionpack (5.2.2) lib/abstract_controller/base.rb:194:in `process_action'
actionpack (5.2.2) lib/action_controller/metal/rendering.rb:30:in `process_action'
actionpack (5.2.2) lib/abstract_controller/callbacks.rb:42:in `block in process_action'
activesupport (5.2.2) lib/active_support/callbacks.rb:132:in `run_callbacks'
actionpack (5.2.2) lib/abstract_controller/callbacks.rb:41:in `process_action'
actionpack (5.2.2) lib/action_controller/metal/rescue.rb:22:in `process_action'
actionpack (5.2.2) lib/action_controller/metal/instrumentation.rb:34:in `block in process_action'
activesupport (5.2.2) lib/active_support/notifications.rb:168:in `block in instrument'
activesupport (5.2.2) lib/active_support/notifications/instrumenter.rb:23:in `instrument'
activesupport (5.2.2) lib/active_support/notifications.rb:168:in `instrument'
actionpack (5.2.2) lib/action_controller/metal/instrumentation.rb:32:in `process_action'
actionpack (5.2.2) lib/action_controller/metal/params_wrapper.rb:256:in `process_action'
activerecord (5.2.2) lib/active_record/railties/controller_runtime.rb:24:in `process_action'
actionpack (5.2.2) lib/abstract_controller/base.rb:134:in `process'
actionview (5.2.2) lib/action_view/rendering.rb:32:in `process'
actionpack (5.2.2) lib/action_controller/metal.rb:191:in `dispatch'
actionpack (5.2.2) lib/action_controller/metal.rb:252:in `dispatch'
actionpack (5.2.2) lib/action_dispatch/routing/route_set.rb:52:in `dispatch'
actionpack (5.2.2) lib/action_dispatch/routing/route_set.rb:34:in `serve'
actionpack (5.2.2) lib/action_dispatch/journey/router.rb:52:in `block in serve'
actionpack (5.2.2) lib/action_dispatch/journey/router.rb:35:in `each'
actionpack (5.2.2) lib/action_dispatch/journey/router.rb:35:in `serve'
actionpack (5.2.2) lib/action_dispatch/routing/route_set.rb:840:in `call'
rack (2.0.6) lib/rack/tempfile_reaper.rb:15:in `call'
rack (2.0.6) lib/rack/etag.rb:25:in `call'
rack (2.0.6) lib/rack/conditional_get.rb:25:in `call'
rack (2.0.6) lib/rack/head.rb:12:in `call'
actionpack (5.2.2) lib/action_dispatch/http/content_security_policy.rb:18:in `call'
rack (2.0.6) lib/rack/session/abstract/id.rb:232:in `context'
rack (2.0.6) lib/rack/session/abstract/id.rb:226:in `call'
actionpack (5.2.2) lib/action_dispatch/middleware/cookies.rb:670:in `call'
activerecord (5.2.2) lib/active_record/migration.rb:559:in `call'
actionpack (5.2.2) lib/action_dispatch/middleware/callbacks.rb:28:in `block in call'
activesupport (5.2.2) lib/active_support/callbacks.rb:98:in `run_callbacks'
actionpack (5.2.2) lib/action_dispatch/middleware/callbacks.rb:26:in `call'
actionpack (5.2.2) lib/action_dispatch/middleware/executor.rb:14:in `call'
actionpack (5.2.2) lib/action_dispatch/middleware/debug_exceptions.rb:61:in `call'
web-console (3.7.0) lib/web_console/middleware.rb:135:in `call_app'
web-console (3.7.0) lib/web_console/middleware.rb:30:in `block in call'
web-console (3.7.0) lib/web_console/middleware.rb:20:in `catch'
web-console (3.7.0) lib/web_console/middleware.rb:20:in `call'
actionpack (5.2.2) lib/action_dispatch/middleware/show_exceptions.rb:33:in `call'
railties (5.2.2) lib/rails/rack/logger.rb:38:in `call_app'
railties (5.2.2) lib/rails/rack/logger.rb:26:in `block in call'
activesupport (5.2.2) lib/active_support/tagged_logging.rb:71:in `block in tagged'
activesupport (5.2.2) lib/active_support/tagged_logging.rb:28:in `tagged'
activesupport (5.2.2) lib/active_support/tagged_logging.rb:71:in `tagged'
railties (5.2.2) lib/rails/rack/logger.rb:26:in `call'
sprockets-rails (3.2.1) lib/sprockets/rails/quiet_assets.rb:13:in `call'
actionpack (5.2.2) lib/action_dispatch/middleware/remote_ip.rb:81:in `call'
actionpack (5.2.2) lib/action_dispatch/middleware/request_id.rb:27:in `call'
rack (2.0.6) lib/rack/method_override.rb:22:in `call'
rack (2.0.6) lib/rack/runtime.rb:22:in `call'
activesupport (5.2.2) lib/active_support/cache/strategy/local_cache_middleware.rb:29:in `call'
actionpack (5.2.2) lib/action_dispatch/middleware/executor.rb:14:in `call'
actionpack (5.2.2) lib/action_dispatch/middleware/static.rb:127:in `call'
rack (2.0.6) lib/rack/sendfile.rb:111:in `call'
railties (5.2.2) lib/rails/engine.rb:524:in `call'
puma (3.12.0) lib/puma/configuration.rb:225:in `call'
puma (3.12.0) lib/puma/server.rb:658:in `handle_request'
puma (3.12.0) lib/puma/server.rb:472:in `process_client'
puma (3.12.0) lib/puma/server.rb:332:in `block in run'
puma (3.12.0) lib/puma/thread_pool.rb:133:in `block in spawn_thread'
Started GET "/employees" for 127.0.0.1 at 2018-12-15 16:23:05 +0530
Processing by EmployeesController#index as HTML
Completed 406 Not Acceptable in 122ms (ActiveRecord: 0.0ms)


  
ActionController::UnknownFormat (EmployeesController#index is missing a template for this request format and variant.

request.formats: ["text/html"]
request.variant: []

NOTE! For XHR/Ajax or API requests, this action would normally respond with 204 No Content: an empty white screen. Since you're loading it in a web browser, we assume that you expected to actually render a template, not nothing, so we're showing an error to be extra-clear. If you expect 204 No Content, carry on. That's what you'll get from an XHR or API request. Give it a shot.):
  
actionpack (5.2.2) lib/action_controller/metal/implicit_render.rb:55:in `default_render'
actionpack (5.2.2) lib/action_controller/metal/basic_implicit_render.rb:6:in `block in send_action'
actionpack (5.2.2) lib/action_controller/metal/basic_implicit_render.rb:6:in `tap'
actionpack (5.2.2) lib/action_controller/metal/basic_implicit_render.rb:6:in `send_action'
actionpack (5.2.2) lib/abstract_controller/base.rb:194:in `process_action'
actionpack (5.2.2) lib/action_controller/metal/rendering.rb:30:in `process_action'
actionpack (5.2.2) lib/abstract_controller/callbacks.rb:42:in `block in process_action'
activesupport (5.2.2) lib/active_support/callbacks.rb:132:in `run_callbacks'
actionpack (5.2.2) lib/abstract_controller/callbacks.rb:41:in `process_action'
actionpack (5.2.2) lib/action_controller/metal/rescue.rb:22:in `process_action'
actionpack (5.2.2) lib/action_controller/metal/instrumentation.rb:34:in `block in process_action'
activesupport (5.2.2) lib/active_support/notifications.rb:168:in `block in instrument'
activesupport (5.2.2) lib/active_support/notifications/instrumenter.rb:23:in `instrument'
activesupport (5.2.2) lib/active_support/notifications.rb:168:in `instrument'
actionpack (5.2.2) lib/action_controller/metal/instrumentation.rb:32:in `process_action'
actionpack (5.2.2) lib/action_controller/metal/params_wrapper.rb:256:in `process_action'
activerecord (5.2.2) lib/active_record/railties/controller_runtime.rb:24:in `process_action'
actionpack (5.2.2) lib/abstract_controller/base.rb:134:in `process'
actionview (5.2.2) lib/action_view/rendering.rb:32:in `process'
actionpack (5.2.2) lib/action_controller/metal.rb:191:in `dispatch'
actionpack (5.2.2) lib/action_controller/metal.rb:252:in `dispatch'
actionpack (5.2.2) lib/action_dispatch/routing/route_set.rb:52:in `dispatch'
actionpack (5.2.2) lib/action_dispatch/routing/route_set.rb:34:in `serve'
actionpack (5.2.2) lib/action_dispatch/journey/router.rb:52:in `block in serve'
actionpack (5.2.2) lib/action_dispatch/journey/router.rb:35:in `each'
actionpack (5.2.2) lib/action_dispatch/journey/router.rb:35:in `serve'
actionpack (5.2.2) lib/action_dispatch/routing/route_set.rb:840:in `call'
rack (2.0.6) lib/rack/tempfile_reaper.rb:15:in `call'
rack (2.0.6) lib/rack/etag.rb:25:in `call'
rack (2.0.6) lib/rack/conditional_get.rb:25:in `call'
rack (2.0.6) lib/rack/head.rb:12:in `call'
actionpack (5.2.2) lib/action_dispatch/http/content_security_policy.rb:18:in `call'
rack (2.0.6) lib/rack/session/abstract/id.rb:232:in `context'
rack (2.0.6) lib/rack/session/abstract/id.rb:226:in `call'
actionpack (5.2.2) lib/action_dispatch/middleware/cookies.rb:670:in `call'
activerecord (5.2.2) lib/active_record/migration.rb:559:in `call'
actionpack (5.2.2) lib/action_dispatch/middleware/callbacks.rb:28:in `block in call'
activesupport (5.2.2) lib/active_support/callbacks.rb:98:in `run_callbacks'
actionpack (5.2.2) lib/action_dispatch/middleware/callbacks.rb:26:in `call'
actionpack (5.2.2) lib/action_dispatch/middleware/executor.rb:14:in `call'
actionpack (5.2.2) lib/action_dispatch/middleware/debug_exceptions.rb:61:in `call'
web-console (3.7.0) lib/web_console/middleware.rb:135:in `call_app'
web-console (3.7.0) lib/web_console/middleware.rb:30:in `block in call'
web-console (3.7.0) lib/web_console/middleware.rb:20:in `catch'
web-console (3.7.0) lib/web_console/middleware.rb:20:in `call'
actionpack (5.2.2) lib/action_dispatch/middleware/show_exceptions.rb:33:in `call'
railties (5.2.2) lib/rails/rack/logger.rb:38:in `call_app'
railties (5.2.2) lib/rails/rack/logger.rb:26:in `block in call'
activesupport (5.2.2) lib/active_support/tagged_logging.rb:71:in `block in tagged'
activesupport (5.2.2) lib/active_support/tagged_logging.rb:28:in `tagged'
activesupport (5.2.2) lib/active_support/tagged_logging.rb:71:in `tagged'
railties (5.2.2) lib/rails/rack/logger.rb:26:in `call'
sprockets-rails (3.2.1) lib/sprockets/rails/quiet_assets.rb:13:in `call'
actionpack (5.2.2) lib/action_dispatch/middleware/remote_ip.rb:81:in `call'
actionpack (5.2.2) lib/action_dispatch/middleware/request_id.rb:27:in `call'
rack (2.0.6) lib/rack/method_override.rb:22:in `call'
rack (2.0.6) lib/rack/runtime.rb:22:in `call'
activesupport (5.2.2) lib/active_support/cache/strategy/local_cache_middleware.rb:29:in `call'
actionpack (5.2.2) lib/action_dispatch/middleware/executor.rb:14:in `call'
actionpack (5.2.2) lib/action_dispatch/middleware/static.rb:127:in `call'
rack (2.0.6) lib/rack/sendfile.rb:111:in `call'
railties (5.2.2) lib/rails/engine.rb:524:in `call'
puma (3.12.0) lib/puma/configuration.rb:225:in `call'
puma (3.12.0) lib/puma/server.rb:658:in `handle_request'
puma (3.12.0) lib/puma/server.rb:472:in `process_client'
puma (3.12.0) lib/puma/server.rb:332:in `block in run'
puma (3.12.0) lib/puma/thread_pool.rb:133:in `block in spawn_thread'
Started GET "/employees" for 127.0.0.1 at 2018-12-15 16:23:24 +0530
  [1m[35m (0.1ms)[0m  [1m[34mSELECT "schema_migrations"."version" FROM "schema_migrations" ORDER BY "schema_migrations"."version" ASC[0m
  ↳ /Users/juhomi/.rvm/gems/ruby-2.5.1/gems/activerecord-5.2.2/lib/active_record/log_subscriber.rb:98
Processing by EmployeesController#index as HTML
Completed 406 Not Acceptable in 127ms (ActiveRecord: 0.0ms)


  
ActionController::UnknownFormat (EmployeesController#index is missing a template for this request format and variant.

request.formats: ["text/html"]
request.variant: []

NOTE! For XHR/Ajax or API requests, this action would normally respond with 204 No Content: an empty white screen. Since you're loading it in a web browser, we assume that you expected to actually render a template, not nothing, so we're showing an error to be extra-clear. If you expect 204 No Content, carry on. That's what you'll get from an XHR or API request. Give it a shot.):
  
actionpack (5.2.2) lib/action_controller/metal/implicit_render.rb:55:in `default_render'
actionpack (5.2.2) lib/action_controller/metal/basic_implicit_render.rb:6:in `block in send_action'
actionpack (5.2.2) lib/action_controller/metal/basic_implicit_render.rb:6:in `tap'
actionpack (5.2.2) lib/action_controller/metal/basic_implicit_render.rb:6:in `send_action'
actionpack (5.2.2) lib/abstract_controller/base.rb:194:in `process_action'
actionpack (5.2.2) lib/action_controller/metal/rendering.rb:30:in `process_action'
actionpack (5.2.2) lib/abstract_controller/callbacks.rb:42:in `block in process_action'
activesupport (5.2.2) lib/active_support/callbacks.rb:132:in `run_callbacks'
actionpack (5.2.2) lib/abstract_controller/callbacks.rb:41:in `process_action'
actionpack (5.2.2) lib/action_controller/metal/rescue.rb:22:in `process_action'
actionpack (5.2.2) lib/action_controller/metal/instrumentation.rb:34:in `block in process_action'
activesupport (5.2.2) lib/active_support/notifications.rb:168:in `block in instrument'
activesupport (5.2.2) lib/active_support/notifications/instrumenter.rb:23:in `instrument'
activesupport (5.2.2) lib/active_support/notifications.rb:168:in `instrument'
actionpack (5.2.2) lib/action_controller/metal/instrumentation.rb:32:in `process_action'
actionpack (5.2.2) lib/action_controller/metal/params_wrapper.rb:256:in `process_action'
activerecord (5.2.2) lib/active_record/railties/controller_runtime.rb:24:in `process_action'
actionpack (5.2.2) lib/abstract_controller/base.rb:134:in `process'
actionview (5.2.2) lib/action_view/rendering.rb:32:in `process'
actionpack (5.2.2) lib/action_controller/metal.rb:191:in `dispatch'
actionpack (5.2.2) lib/action_controller/metal.rb:252:in `dispatch'
actionpack (5.2.2) lib/action_dispatch/routing/route_set.rb:52:in `dispatch'
actionpack (5.2.2) lib/action_dispatch/routing/route_set.rb:34:in `serve'
actionpack (5.2.2) lib/action_dispatch/journey/router.rb:52:in `block in serve'
actionpack (5.2.2) lib/action_dispatch/journey/router.rb:35:in `each'
actionpack (5.2.2) lib/action_dispatch/journey/router.rb:35:in `serve'
actionpack (5.2.2) lib/action_dispatch/routing/route_set.rb:840:in `call'
rack (2.0.6) lib/rack/tempfile_reaper.rb:15:in `call'
rack (2.0.6) lib/rack/etag.rb:25:in `call'
rack (2.0.6) lib/rack/conditional_get.rb:25:in `call'
rack (2.0.6) lib/rack/head.rb:12:in `call'
actionpack (5.2.2) lib/action_dispatch/http/content_security_policy.rb:18:in `call'
rack (2.0.6) lib/rack/session/abstract/id.rb:232:in `context'
rack (2.0.6) lib/rack/session/abstract/id.rb:226:in `call'
actionpack (5.2.2) lib/action_dispatch/middleware/cookies.rb:670:in `call'
activerecord (5.2.2) lib/active_record/migration.rb:559:in `call'
actionpack (5.2.2) lib/action_dispatch/middleware/callbacks.rb:28:in `block in call'
activesupport (5.2.2) lib/active_support/callbacks.rb:98:in `run_callbacks'
actionpack (5.2.2) lib/action_dispatch/middleware/callbacks.rb:26:in `call'
actionpack (5.2.2) lib/action_dispatch/middleware/executor.rb:14:in `call'
actionpack (5.2.2) lib/action_dispatch/middleware/debug_exceptions.rb:61:in `call'
web-console (3.7.0) lib/web_console/middleware.rb:135:in `call_app'
web-console (3.7.0) lib/web_console/middleware.rb:30:in `block in call'
web-console (3.7.0) lib/web_console/middleware.rb:20:in `catch'
web-console (3.7.0) lib/web_console/middleware.rb:20:in `call'
actionpack (5.2.2) lib/action_dispatch/middleware/show_exceptions.rb:33:in `call'
railties (5.2.2) lib/rails/rack/logger.rb:38:in `call_app'
railties (5.2.2) lib/rails/rack/logger.rb:26:in `block in call'
activesupport (5.2.2) lib/active_support/tagged_logging.rb:71:in `block in tagged'
activesupport (5.2.2) lib/active_support/tagged_logging.rb:28:in `tagged'
activesupport (5.2.2) lib/active_support/tagged_logging.rb:71:in `tagged'
railties (5.2.2) lib/rails/rack/logger.rb:26:in `call'
sprockets-rails (3.2.1) lib/sprockets/rails/quiet_assets.rb:13:in `call'
actionpack (5.2.2) lib/action_dispatch/middleware/remote_ip.rb:81:in `call'
actionpack (5.2.2) lib/action_dispatch/middleware/request_id.rb:27:in `call'
rack (2.0.6) lib/rack/method_override.rb:22:in `call'
rack (2.0.6) lib/rack/runtime.rb:22:in `call'
activesupport (5.2.2) lib/active_support/cache/strategy/local_cache_middleware.rb:29:in `call'
actionpack (5.2.2) lib/action_dispatch/middleware/executor.rb:14:in `call'
actionpack (5.2.2) lib/action_dispatch/middleware/static.rb:127:in `call'
rack (2.0.6) lib/rack/sendfile.rb:111:in `call'
railties (5.2.2) lib/rails/engine.rb:524:in `call'
puma (3.12.0) lib/puma/configuration.rb:225:in `call'
puma (3.12.0) lib/puma/server.rb:658:in `handle_request'
puma (3.12.0) lib/puma/server.rb:472:in `process_client'
puma (3.12.0) lib/puma/server.rb:332:in `block in run'
puma (3.12.0) lib/puma/thread_pool.rb:133:in `block in spawn_thread'
Started GET "/employees/new" for 127.0.0.1 at 2018-12-15 16:23:30 +0530
Processing by EmployeesController#new as HTML
  Rendering employees/new.html.erb within layouts/application
  Rendered employees/new.html.erb within layouts/application (6.7ms)
Completed 200 OK in 229ms (Views: 212.1ms | ActiveRecord: 1.2ms)


Started POST "/employees" for 127.0.0.1 at 2018-12-15 16:23:47 +0530
Processing by EmployeesController#create as HTML
  Parameters: {"utf8"=>"✓", "authenticity_token"=>"g/Ff4t+w+ruCvw02NWj7GnRyrWBUMXEPUMmV3wSl7+0sZ3i14Aqyyr4yoB9ydsiQWEWTtZQj0OczIA2zdpVJ5A==", "employee"=>{"name"=>"Pradeepa", "age"=>"26", "designation"=>"SD"}, "gender"=>"child", "commit"=>"Create Employee"}
  [1m[35m (0.1ms)[0m  [1m[36mbegin transaction[0m
  ↳ app/controllers/employees_controller.rb:14
  [1m[36mEmployee Create (1.0ms)[0m  [1m[32mINSERT INTO "employees" ("name", "age", "designation", "created_at", "updated_at") VALUES (?, ?, ?, ?, ?)[0m  [["name", "Pradeepa"], ["age", 26], ["designation", "SD"], ["created_at", "2018-12-15 10:53:47.290092"], ["updated_at", "2018-12-15 10:53:47.290092"]]
  ↳ app/controllers/employees_controller.rb:14
  [1m[35m (2.2ms)[0m  [1m[36mcommit transaction[0m
  ↳ app/controllers/employees_controller.rb:14
Redirected to http://localhost:3000/employees/1
Completed 302 Found in 9ms (ActiveRecord: 3.3ms)


Started GET "/employees/1" for 127.0.0.1 at 2018-12-15 16:23:47 +0530
Processing by EmployeesController#show as HTML
  Parameters: {"id"=>"1"}
  [1m[36mEmployee Load (0.4ms)[0m  [1m[34mSELECT  "employees".* FROM "employees" WHERE "employees"."id" = ? LIMIT ?[0m  [["id", 1], ["LIMIT", 1]]
  ↳ app/controllers/employees_controller.rb:9
Completed 406 Not Acceptable in 141ms (ActiveRecord: 0.4ms)


  
ActionController::UnknownFormat (EmployeesController#show is missing a template for this request format and variant.

request.formats: ["text/html"]
request.variant: []

NOTE! For XHR/Ajax or API requests, this action would normally respond with 204 No Content: an empty white screen. Since you're loading it in a web browser, we assume that you expected to actually render a template, not nothing, so we're showing an error to be extra-clear. If you expect 204 No Content, carry on. That's what you'll get from an XHR or API request. Give it a shot.):
  
actionpack (5.2.2) lib/action_controller/metal/implicit_render.rb:55:in `default_render'
actionpack (5.2.2) lib/action_controller/metal/basic_implicit_render.rb:6:in `block in send_action'
actionpack (5.2.2) lib/action_controller/metal/basic_implicit_render.rb:6:in `tap'
actionpack (5.2.2) lib/action_controller/metal/basic_implicit_render.rb:6:in `send_action'
actionpack (5.2.2) lib/abstract_controller/base.rb:194:in `process_action'
actionpack (5.2.2) lib/action_controller/metal/rendering.rb:30:in `process_action'
actionpack (5.2.2) lib/abstract_controller/callbacks.rb:42:in `block in process_action'
activesupport (5.2.2) lib/active_support/callbacks.rb:132:in `run_callbacks'
actionpack (5.2.2) lib/abstract_controller/callbacks.rb:41:in `process_action'
actionpack (5.2.2) lib/action_controller/metal/rescue.rb:22:in `process_action'
actionpack (5.2.2) lib/action_controller/metal/instrumentation.rb:34:in `block in process_action'
activesupport (5.2.2) lib/active_support/notifications.rb:168:in `block in instrument'
activesupport (5.2.2) lib/active_support/notifications/instrumenter.rb:23:in `instrument'
activesupport (5.2.2) lib/active_support/notifications.rb:168:in `instrument'
actionpack (5.2.2) lib/action_controller/metal/instrumentation.rb:32:in `process_action'
actionpack (5.2.2) lib/action_controller/metal/params_wrapper.rb:256:in `process_action'
activerecord (5.2.2) lib/active_record/railties/controller_runtime.rb:24:in `process_action'
actionpack (5.2.2) lib/abstract_controller/base.rb:134:in `process'
actionview (5.2.2) lib/action_view/rendering.rb:32:in `process'
actionpack (5.2.2) lib/action_controller/metal.rb:191:in `dispatch'
actionpack (5.2.2) lib/action_controller/metal.rb:252:in `dispatch'
actionpack (5.2.2) lib/action_dispatch/routing/route_set.rb:52:in `dispatch'
actionpack (5.2.2) lib/action_dispatch/routing/route_set.rb:34:in `serve'
actionpack (5.2.2) lib/action_dispatch/journey/router.rb:52:in `block in serve'
actionpack (5.2.2) lib/action_dispatch/journey/router.rb:35:in `each'
actionpack (5.2.2) lib/action_dispatch/journey/router.rb:35:in `serve'
actionpack (5.2.2) lib/action_dispatch/routing/route_set.rb:840:in `call'
rack (2.0.6) lib/rack/tempfile_reaper.rb:15:in `call'
rack (2.0.6) lib/rack/etag.rb:25:in `call'
rack (2.0.6) lib/rack/conditional_get.rb:25:in `call'
rack (2.0.6) lib/rack/head.rb:12:in `call'
actionpack (5.2.2) lib/action_dispatch/http/content_security_policy.rb:18:in `call'
rack (2.0.6) lib/rack/session/abstract/id.rb:232:in `context'
rack (2.0.6) lib/rack/session/abstract/id.rb:226:in `call'
actionpack (5.2.2) lib/action_dispatch/middleware/cookies.rb:670:in `call'
activerecord (5.2.2) lib/active_record/migration.rb:559:in `call'
actionpack (5.2.2) lib/action_dispatch/middleware/callbacks.rb:28:in `block in call'
activesupport (5.2.2) lib/active_support/callbacks.rb:98:in `run_callbacks'
actionpack (5.2.2) lib/action_dispatch/middleware/callbacks.rb:26:in `call'
actionpack (5.2.2) lib/action_dispatch/middleware/executor.rb:14:in `call'
actionpack (5.2.2) lib/action_dispatch/middleware/debug_exceptions.rb:61:in `call'
web-console (3.7.0) lib/web_console/middleware.rb:135:in `call_app'
web-console (3.7.0) lib/web_console/middleware.rb:30:in `block in call'
web-console (3.7.0) lib/web_console/middleware.rb:20:in `catch'
web-console (3.7.0) lib/web_console/middleware.rb:20:in `call'
actionpack (5.2.2) lib/action_dispatch/middleware/show_exceptions.rb:33:in `call'
railties (5.2.2) lib/rails/rack/logger.rb:38:in `call_app'
railties (5.2.2) lib/rails/rack/logger.rb:26:in `block in call'
activesupport (5.2.2) lib/active_support/tagged_logging.rb:71:in `block in tagged'
activesupport (5.2.2) lib/active_support/tagged_logging.rb:28:in `tagged'
activesupport (5.2.2) lib/active_support/tagged_logging.rb:71:in `tagged'
railties (5.2.2) lib/rails/rack/logger.rb:26:in `call'
sprockets-rails (3.2.1) lib/sprockets/rails/quiet_assets.rb:13:in `call'
actionpack (5.2.2) lib/action_dispatch/middleware/remote_ip.rb:81:in `call'
actionpack (5.2.2) lib/action_dispatch/middleware/request_id.rb:27:in `call'
rack (2.0.6) lib/rack/method_override.rb:22:in `call'
rack (2.0.6) lib/rack/runtime.rb:22:in `call'
activesupport (5.2.2) lib/active_support/cache/strategy/local_cache_middleware.rb:29:in `call'
actionpack (5.2.2) lib/action_dispatch/middleware/executor.rb:14:in `call'
actionpack (5.2.2) lib/action_dispatch/middleware/static.rb:127:in `call'
rack (2.0.6) lib/rack/sendfile.rb:111:in `call'
railties (5.2.2) lib/rails/engine.rb:524:in `call'
puma (3.12.0) lib/puma/configuration.rb:225:in `call'
puma (3.12.0) lib/puma/server.rb:658:in `handle_request'
puma (3.12.0) lib/puma/server.rb:472:in `process_client'
puma (3.12.0) lib/puma/server.rb:332:in `block in run'
puma (3.12.0) lib/puma/thread_pool.rb:133:in `block in spawn_thread'
Started GET "/employees/1" for 127.0.0.1 at 2018-12-15 16:25:26 +0530
Processing by EmployeesController#show as HTML
  Parameters: {"id"=>"1"}
  [1m[36mEmployee Load (0.2ms)[0m  [1m[34mSELECT  "employees".* FROM "employees" WHERE "employees"."id" = ? LIMIT ?[0m  [["id", 1], ["LIMIT", 1]]
  ↳ app/controllers/employees_controller.rb:9
Completed 406 Not Acceptable in 134ms (ActiveRecord: 0.2ms)


  
ActionController::UnknownFormat (EmployeesController#show is missing a template for this request format and variant.

request.formats: ["text/html"]
request.variant: []

NOTE! For XHR/Ajax or API requests, this action would normally respond with 204 No Content: an empty white screen. Since you're loading it in a web browser, we assume that you expected to actually render a template, not nothing, so we're showing an error to be extra-clear. If you expect 204 No Content, carry on. That's what you'll get from an XHR or API request. Give it a shot.):
  
actionpack (5.2.2) lib/action_controller/metal/implicit_render.rb:55:in `default_render'
actionpack (5.2.2) lib/action_controller/metal/basic_implicit_render.rb:6:in `block in send_action'
actionpack (5.2.2) lib/action_controller/metal/basic_implicit_render.rb:6:in `tap'
actionpack (5.2.2) lib/action_controller/metal/basic_implicit_render.rb:6:in `send_action'
actionpack (5.2.2) lib/abstract_controller/base.rb:194:in `process_action'
actionpack (5.2.2) lib/action_controller/metal/rendering.rb:30:in `process_action'
actionpack (5.2.2) lib/abstract_controller/callbacks.rb:42:in `block in process_action'
activesupport (5.2.2) lib/active_support/callbacks.rb:132:in `run_callbacks'
actionpack (5.2.2) lib/abstract_controller/callbacks.rb:41:in `process_action'
actionpack (5.2.2) lib/action_controller/metal/rescue.rb:22:in `process_action'
actionpack (5.2.2) lib/action_controller/metal/instrumentation.rb:34:in `block in process_action'
activesupport (5.2.2) lib/active_support/notifications.rb:168:in `block in instrument'
activesupport (5.2.2) lib/active_support/notifications/instrumenter.rb:23:in `instrument'
activesupport (5.2.2) lib/active_support/notifications.rb:168:in `instrument'
actionpack (5.2.2) lib/action_controller/metal/instrumentation.rb:32:in `process_action'
actionpack (5.2.2) lib/action_controller/metal/params_wrapper.rb:256:in `process_action'
activerecord (5.2.2) lib/active_record/railties/controller_runtime.rb:24:in `process_action'
actionpack (5.2.2) lib/abstract_controller/base.rb:134:in `process'
actionview (5.2.2) lib/action_view/rendering.rb:32:in `process'
actionpack (5.2.2) lib/action_controller/metal.rb:191:in `dispatch'
actionpack (5.2.2) lib/action_controller/metal.rb:252:in `dispatch'
actionpack (5.2.2) lib/action_dispatch/routing/route_set.rb:52:in `dispatch'
actionpack (5.2.2) lib/action_dispatch/routing/route_set.rb:34:in `serve'
actionpack (5.2.2) lib/action_dispatch/journey/router.rb:52:in `block in serve'
actionpack (5.2.2) lib/action_dispatch/journey/router.rb:35:in `each'
actionpack (5.2.2) lib/action_dispatch/journey/router.rb:35:in `serve'
actionpack (5.2.2) lib/action_dispatch/routing/route_set.rb:840:in `call'
rack (2.0.6) lib/rack/tempfile_reaper.rb:15:in `call'
rack (2.0.6) lib/rack/etag.rb:25:in `call'
rack (2.0.6) lib/rack/conditional_get.rb:25:in `call'
rack (2.0.6) lib/rack/head.rb:12:in `call'
actionpack (5.2.2) lib/action_dispatch/http/content_security_policy.rb:18:in `call'
rack (2.0.6) lib/rack/session/abstract/id.rb:232:in `context'
rack (2.0.6) lib/rack/session/abstract/id.rb:226:in `call'
actionpack (5.2.2) lib/action_dispatch/middleware/cookies.rb:670:in `call'
activerecord (5.2.2) lib/active_record/migration.rb:559:in `call'
actionpack (5.2.2) lib/action_dispatch/middleware/callbacks.rb:28:in `block in call'
activesupport (5.2.2) lib/active_support/callbacks.rb:98:in `run_callbacks'
actionpack (5.2.2) lib/action_dispatch/middleware/callbacks.rb:26:in `call'
actionpack (5.2.2) lib/action_dispatch/middleware/executor.rb:14:in `call'
actionpack (5.2.2) lib/action_dispatch/middleware/debug_exceptions.rb:61:in `call'
web-console (3.7.0) lib/web_console/middleware.rb:135:in `call_app'
web-console (3.7.0) lib/web_console/middleware.rb:30:in `block in call'
web-console (3.7.0) lib/web_console/middleware.rb:20:in `catch'
web-console (3.7.0) lib/web_console/middleware.rb:20:in `call'
actionpack (5.2.2) lib/action_dispatch/middleware/show_exceptions.rb:33:in `call'
railties (5.2.2) lib/rails/rack/logger.rb:38:in `call_app'
railties (5.2.2) lib/rails/rack/logger.rb:26:in `block in call'
activesupport (5.2.2) lib/active_support/tagged_logging.rb:71:in `block in tagged'
activesupport (5.2.2) lib/active_support/tagged_logging.rb:28:in `tagged'
activesupport (5.2.2) lib/active_support/tagged_logging.rb:71:in `tagged'
railties (5.2.2) lib/rails/rack/logger.rb:26:in `call'
sprockets-rails (3.2.1) lib/sprockets/rails/quiet_assets.rb:13:in `call'
actionpack (5.2.2) lib/action_dispatch/middleware/remote_ip.rb:81:in `call'
actionpack (5.2.2) lib/action_dispatch/middleware/request_id.rb:27:in `call'
rack (2.0.6) lib/rack/method_override.rb:22:in `call'
rack (2.0.6) lib/rack/runtime.rb:22:in `call'
activesupport (5.2.2) lib/active_support/cache/strategy/local_cache_middleware.rb:29:in `call'
actionpack (5.2.2) lib/action_dispatch/middleware/executor.rb:14:in `call'
actionpack (5.2.2) lib/action_dispatch/middleware/static.rb:127:in `call'
rack (2.0.6) lib/rack/sendfile.rb:111:in `call'
railties (5.2.2) lib/rails/engine.rb:524:in `call'
puma (3.12.0) lib/puma/configuration.rb:225:in `call'
puma (3.12.0) lib/puma/server.rb:658:in `handle_request'
puma (3.12.0) lib/puma/server.rb:472:in `process_client'
puma (3.12.0) lib/puma/server.rb:332:in `block in run'
puma (3.12.0) lib/puma/thread_pool.rb:133:in `block in spawn_thread'
Started GET "/employees/1" for 127.0.0.1 at 2018-12-15 16:25:57 +0530
Processing by EmployeesController#show as HTML
  Parameters: {"id"=>"1"}
  [1m[36mEmployee Load (0.2ms)[0m  [1m[34mSELECT  "employees".* FROM "employees" WHERE "employees"."id" = ? LIMIT ?[0m  [["id", 1], ["LIMIT", 1]]
  ↳ app/controllers/employees_controller.rb:9
Completed 406 Not Acceptable in 129ms (ActiveRecord: 0.2ms)


  
ActionController::UnknownFormat (EmployeesController#show is missing a template for this request format and variant.

request.formats: ["text/html"]
request.variant: []

NOTE! For XHR/Ajax or API requests, this action would normally respond with 204 No Content: an empty white screen. Since you're loading it in a web browser, we assume that you expected to actually render a template, not nothing, so we're showing an error to be extra-clear. If you expect 204 No Content, carry on. That's what you'll get from an XHR or API request. Give it a shot.):
  
actionpack (5.2.2) lib/action_controller/metal/implicit_render.rb:55:in `default_render'
actionpack (5.2.2) lib/action_controller/metal/basic_implicit_render.rb:6:in `block in send_action'
actionpack (5.2.2) lib/action_controller/metal/basic_implicit_render.rb:6:in `tap'
actionpack (5.2.2) lib/action_controller/metal/basic_implicit_render.rb:6:in `send_action'
actionpack (5.2.2) lib/abstract_controller/base.rb:194:in `process_action'
actionpack (5.2.2) lib/action_controller/metal/rendering.rb:30:in `process_action'
actionpack (5.2.2) lib/abstract_controller/callbacks.rb:42:in `block in process_action'
activesupport (5.2.2) lib/active_support/callbacks.rb:132:in `run_callbacks'
actionpack (5.2.2) lib/abstract_controller/callbacks.rb:41:in `process_action'
actionpack (5.2.2) lib/action_controller/metal/rescue.rb:22:in `process_action'
actionpack (5.2.2) lib/action_controller/metal/instrumentation.rb:34:in `block in process_action'
activesupport (5.2.2) lib/active_support/notifications.rb:168:in `block in instrument'
activesupport (5.2.2) lib/active_support/notifications/instrumenter.rb:23:in `instrument'
activesupport (5.2.2) lib/active_support/notifications.rb:168:in `instrument'
actionpack (5.2.2) lib/action_controller/metal/instrumentation.rb:32:in `process_action'
actionpack (5.2.2) lib/action_controller/metal/params_wrapper.rb:256:in `process_action'
activerecord (5.2.2) lib/active_record/railties/controller_runtime.rb:24:in `process_action'
actionpack (5.2.2) lib/abstract_controller/base.rb:134:in `process'
actionview (5.2.2) lib/action_view/rendering.rb:32:in `process'
actionpack (5.2.2) lib/action_controller/metal.rb:191:in `dispatch'
actionpack (5.2.2) lib/action_controller/metal.rb:252:in `dispatch'
actionpack (5.2.2) lib/action_dispatch/routing/route_set.rb:52:in `dispatch'
actionpack (5.2.2) lib/action_dispatch/routing/route_set.rb:34:in `serve'
actionpack (5.2.2) lib/action_dispatch/journey/router.rb:52:in `block in serve'
actionpack (5.2.2) lib/action_dispatch/journey/router.rb:35:in `each'
actionpack (5.2.2) lib/action_dispatch/journey/router.rb:35:in `serve'
actionpack (5.2.2) lib/action_dispatch/routing/route_set.rb:840:in `call'
rack (2.0.6) lib/rack/tempfile_reaper.rb:15:in `call'
rack (2.0.6) lib/rack/etag.rb:25:in `call'
rack (2.0.6) lib/rack/conditional_get.rb:25:in `call'
rack (2.0.6) lib/rack/head.rb:12:in `call'
actionpack (5.2.2) lib/action_dispatch/http/content_security_policy.rb:18:in `call'
rack (2.0.6) lib/rack/session/abstract/id.rb:232:in `context'
rack (2.0.6) lib/rack/session/abstract/id.rb:226:in `call'
actionpack (5.2.2) lib/action_dispatch/middleware/cookies.rb:670:in `call'
activerecord (5.2.2) lib/active_record/migration.rb:559:in `call'
actionpack (5.2.2) lib/action_dispatch/middleware/callbacks.rb:28:in `block in call'
activesupport (5.2.2) lib/active_support/callbacks.rb:98:in `run_callbacks'
actionpack (5.2.2) lib/action_dispatch/middleware/callbacks.rb:26:in `call'
actionpack (5.2.2) lib/action_dispatch/middleware/executor.rb:14:in `call'
actionpack (5.2.2) lib/action_dispatch/middleware/debug_exceptions.rb:61:in `call'
web-console (3.7.0) lib/web_console/middleware.rb:135:in `call_app'
web-console (3.7.0) lib/web_console/middleware.rb:30:in `block in call'
web-console (3.7.0) lib/web_console/middleware.rb:20:in `catch'
web-console (3.7.0) lib/web_console/middleware.rb:20:in `call'
actionpack (5.2.2) lib/action_dispatch/middleware/show_exceptions.rb:33:in `call'
railties (5.2.2) lib/rails/rack/logger.rb:38:in `call_app'
railties (5.2.2) lib/rails/rack/logger.rb:26:in `block in call'
activesupport (5.2.2) lib/active_support/tagged_logging.rb:71:in `block in tagged'
activesupport (5.2.2) lib/active_support/tagged_logging.rb:28:in `tagged'
activesupport (5.2.2) lib/active_support/tagged_logging.rb:71:in `tagged'
railties (5.2.2) lib/rails/rack/logger.rb:26:in `call'
sprockets-rails (3.2.1) lib/sprockets/rails/quiet_assets.rb:13:in `call'
actionpack (5.2.2) lib/action_dispatch/middleware/remote_ip.rb:81:in `call'
actionpack (5.2.2) lib/action_dispatch/middleware/request_id.rb:27:in `call'
rack (2.0.6) lib/rack/method_override.rb:22:in `call'
rack (2.0.6) lib/rack/runtime.rb:22:in `call'
activesupport (5.2.2) lib/active_support/cache/strategy/local_cache_middleware.rb:29:in `call'
actionpack (5.2.2) lib/action_dispatch/middleware/executor.rb:14:in `call'
actionpack (5.2.2) lib/action_dispatch/middleware/static.rb:127:in `call'
rack (2.0.6) lib/rack/sendfile.rb:111:in `call'
railties (5.2.2) lib/rails/engine.rb:524:in `call'
puma (3.12.0) lib/puma/configuration.rb:225:in `call'
puma (3.12.0) lib/puma/server.rb:658:in `handle_request'
puma (3.12.0) lib/puma/server.rb:472:in `process_client'
puma (3.12.0) lib/puma/server.rb:332:in `block in run'
puma (3.12.0) lib/puma/thread_pool.rb:133:in `block in spawn_thread'
Started GET "/employees/1" for 127.0.0.1 at 2018-12-15 16:27:51 +0530
Processing by EmployeesController#show as HTML
  Parameters: {"id"=>"1"}
  [1m[36mEmployee Load (0.2ms)[0m  [1m[34mSELECT  "employees".* FROM "employees" WHERE "employees"."id" = ? LIMIT ?[0m  [["id", 1], ["LIMIT", 1]]
  ↳ app/controllers/employees_controller.rb:9
  Rendering employees/show.html.erb within layouts/application
  Rendered employees/show.html.erb within layouts/application (1.8ms)
Completed 200 OK in 37ms (Views: 30.3ms | ActiveRecord: 0.2ms)


Started GET "/employees/1/edit" for 127.0.0.1 at 2018-12-15 16:28:01 +0530
Processing by EmployeesController#edit as HTML
  Parameters: {"id"=>"1"}
  [1m[36mEmployee Load (0.2ms)[0m  [1m[34mSELECT  "employees".* FROM "employees" WHERE "employees"."id" = ? LIMIT ?[0m  [["id", 1], ["LIMIT", 1]]
  ↳ app/controllers/employees_controller.rb:18
Completed 406 Not Acceptable in 135ms (ActiveRecord: 0.2ms)


  
ActionController::UnknownFormat (EmployeesController#edit is missing a template for this request format and variant.

request.formats: ["text/html"]
request.variant: []

NOTE! For XHR/Ajax or API requests, this action would normally respond with 204 No Content: an empty white screen. Since you're loading it in a web browser, we assume that you expected to actually render a template, not nothing, so we're showing an error to be extra-clear. If you expect 204 No Content, carry on. That's what you'll get from an XHR or API request. Give it a shot.):
  
actionpack (5.2.2) lib/action_controller/metal/implicit_render.rb:55:in `default_render'
actionpack (5.2.2) lib/action_controller/metal/basic_implicit_render.rb:6:in `block in send_action'
actionpack (5.2.2) lib/action_controller/metal/basic_implicit_render.rb:6:in `tap'
actionpack (5.2.2) lib/action_controller/metal/basic_implicit_render.rb:6:in `send_action'
actionpack (5.2.2) lib/abstract_controller/base.rb:194:in `process_action'
actionpack (5.2.2) lib/action_controller/metal/rendering.rb:30:in `process_action'
actionpack (5.2.2) lib/abstract_controller/callbacks.rb:42:in `block in process_action'
activesupport (5.2.2) lib/active_support/callbacks.rb:132:in `run_callbacks'
actionpack (5.2.2) lib/abstract_controller/callbacks.rb:41:in `process_action'
actionpack (5.2.2) lib/action_controller/metal/rescue.rb:22:in `process_action'
actionpack (5.2.2) lib/action_controller/metal/instrumentation.rb:34:in `block in process_action'
activesupport (5.2.2) lib/active_support/notifications.rb:168:in `block in instrument'
activesupport (5.2.2) lib/active_support/notifications/instrumenter.rb:23:in `instrument'
activesupport (5.2.2) lib/active_support/notifications.rb:168:in `instrument'
actionpack (5.2.2) lib/action_controller/metal/instrumentation.rb:32:in `process_action'
actionpack (5.2.2) lib/action_controller/metal/params_wrapper.rb:256:in `process_action'
activerecord (5.2.2) lib/active_record/railties/controller_runtime.rb:24:in `process_action'
actionpack (5.2.2) lib/abstract_controller/base.rb:134:in `process'
actionview (5.2.2) lib/action_view/rendering.rb:32:in `process'
actionpack (5.2.2) lib/action_controller/metal.rb:191:in `dispatch'
actionpack (5.2.2) lib/action_controller/metal.rb:252:in `dispatch'
actionpack (5.2.2) lib/action_dispatch/routing/route_set.rb:52:in `dispatch'
actionpack (5.2.2) lib/action_dispatch/routing/route_set.rb:34:in `serve'
actionpack (5.2.2) lib/action_dispatch/journey/router.rb:52:in `block in serve'
actionpack (5.2.2) lib/action_dispatch/journey/router.rb:35:in `each'
actionpack (5.2.2) lib/action_dispatch/journey/router.rb:35:in `serve'
actionpack (5.2.2) lib/action_dispatch/routing/route_set.rb:840:in `call'
rack (2.0.6) lib/rack/tempfile_reaper.rb:15:in `call'
rack (2.0.6) lib/rack/etag.rb:25:in `call'
rack (2.0.6) lib/rack/conditional_get.rb:25:in `call'
rack (2.0.6) lib/rack/head.rb:12:in `call'
actionpack (5.2.2) lib/action_dispatch/http/content_security_policy.rb:18:in `call'
rack (2.0.6) lib/rack/session/abstract/id.rb:232:in `context'
rack (2.0.6) lib/rack/session/abstract/id.rb:226:in `call'
actionpack (5.2.2) lib/action_dispatch/middleware/cookies.rb:670:in `call'
activerecord (5.2.2) lib/active_record/migration.rb:559:in `call'
actionpack (5.2.2) lib/action_dispatch/middleware/callbacks.rb:28:in `block in call'
activesupport (5.2.2) lib/active_support/callbacks.rb:98:in `run_callbacks'
actionpack (5.2.2) lib/action_dispatch/middleware/callbacks.rb:26:in `call'
actionpack (5.2.2) lib/action_dispatch/middleware/executor.rb:14:in `call'
actionpack (5.2.2) lib/action_dispatch/middleware/debug_exceptions.rb:61:in `call'
web-console (3.7.0) lib/web_console/middleware.rb:135:in `call_app'
web-console (3.7.0) lib/web_console/middleware.rb:30:in `block in call'
web-console (3.7.0) lib/web_console/middleware.rb:20:in `catch'
web-console (3.7.0) lib/web_console/middleware.rb:20:in `call'
actionpack (5.2.2) lib/action_dispatch/middleware/show_exceptions.rb:33:in `call'
railties (5.2.2) lib/rails/rack/logger.rb:38:in `call_app'
railties (5.2.2) lib/rails/rack/logger.rb:26:in `block in call'
activesupport (5.2.2) lib/active_support/tagged_logging.rb:71:in `block in tagged'
activesupport (5.2.2) lib/active_support/tagged_logging.rb:28:in `tagged'
activesupport (5.2.2) lib/active_support/tagged_logging.rb:71:in `tagged'
railties (5.2.2) lib/rails/rack/logger.rb:26:in `call'
sprockets-rails (3.2.1) lib/sprockets/rails/quiet_assets.rb:13:in `call'
actionpack (5.2.2) lib/action_dispatch/middleware/remote_ip.rb:81:in `call'
actionpack (5.2.2) lib/action_dispatch/middleware/request_id.rb:27:in `call'
rack (2.0.6) lib/rack/method_override.rb:22:in `call'
rack (2.0.6) lib/rack/runtime.rb:22:in `call'
activesupport (5.2.2) lib/active_support/cache/strategy/local_cache_middleware.rb:29:in `call'
actionpack (5.2.2) lib/action_dispatch/middleware/executor.rb:14:in `call'
actionpack (5.2.2) lib/action_dispatch/middleware/static.rb:127:in `call'
rack (2.0.6) lib/rack/sendfile.rb:111:in `call'
railties (5.2.2) lib/rails/engine.rb:524:in `call'
puma (3.12.0) lib/puma/configuration.rb:225:in `call'
puma (3.12.0) lib/puma/server.rb:658:in `handle_request'
puma (3.12.0) lib/puma/server.rb:472:in `process_client'
puma (3.12.0) lib/puma/server.rb:332:in `block in run'
puma (3.12.0) lib/puma/thread_pool.rb:133:in `block in spawn_thread'
Started GET "/employees/1/edit" for 127.0.0.1 at 2018-12-15 16:29:07 +0530
Processing by EmployeesController#edit as HTML
  Parameters: {"id"=>"1"}
  [1m[36mEmployee Load (0.2ms)[0m  [1m[34mSELECT  "employees".* FROM "employees" WHERE "employees"."id" = ? LIMIT ?[0m  [["id", 1], ["LIMIT", 1]]
  ↳ app/controllers/employees_controller.rb:18
  Rendering employees/edit.html.erb within layouts/application
  Rendered employees/edit.html.erb within layouts/application (4.7ms)
Completed 200 OK in 39ms (Views: 32.0ms | ActiveRecord: 0.2ms)


Started GET "/employees/new" for 127.0.0.1 at 2018-12-15 16:29:23 +0530
Processing by EmployeesController#new as HTML
  Rendering employees/new.html.erb within layouts/application
  Rendered employees/new.html.erb within layouts/application (4.1ms)
Completed 200 OK in 36ms (Views: 31.8ms | ActiveRecord: 0.0ms)


Started GET "/employees/new" for 127.0.0.1 at 2018-12-15 16:38:04 +0530
Processing by EmployeesController#new as HTML
  Rendering employees/new.html.erb within layouts/application
  Rendered employees/new.html.erb within layouts/application (1.5ms)
Completed 500 Internal Server Error in 30ms (ActiveRecord: 0.0ms)


  
SyntaxError (/Users/juhomi/Documents/workspace-1/EmployeeApp/app/views/employees/new.html.erb:18: syntax error, unexpected ',', expecting ')'
...o_button_tag(:gender, "child"), checked:"true" );@output_buf...
...                              ^):
  
app/views/employees/new.html.erb:18: syntax error, unexpected ',', expecting ')'
Started GET "/employees/new" for 127.0.0.1 at 2018-12-15 16:38:35 +0530
Processing by EmployeesController#new as HTML
  Rendering employees/new.html.erb within layouts/application
  Rendered employees/new.html.erb within layouts/application (4.8ms)
Completed 200 OK in 32ms (Views: 29.1ms | ActiveRecord: 0.0ms)


Started POST "/employees" for 127.0.0.1 at 2018-12-15 16:38:43 +0530
Processing by EmployeesController#create as HTML
  Parameters: {"utf8"=>"✓", "authenticity_token"=>"Sh6mayiCyq3JDYuMeWek0UtaBWP9tKZlkb5IBEHKSsfliIE8FziC3PWAJqU+eZdbZ207tj2mB43yV9BoM/rszg==", "employee"=>{"name"=>"Pradeepa", "age"=>"26", "designation"=>"SD"}, "gender"=>"female", "commit"=>"Create Employee"}
  [1m[35m (0.0ms)[0m  [1m[36mbegin transaction[0m
  ↳ app/controllers/employees_controller.rb:14
  [1m[36mEmployee Create (0.6ms)[0m  [1m[32mINSERT INTO "employees" ("name", "age", "designation", "created_at", "updated_at") VALUES (?, ?, ?, ?, ?)[0m  [["name", "Pradeepa"], ["age", 26], ["designation", "SD"], ["created_at", "2018-12-15 11:08:43.983603"], ["updated_at", "2018-12-15 11:08:43.983603"]]
  ↳ app/controllers/employees_controller.rb:14
  [1m[35m (1.8ms)[0m  [1m[36mcommit transaction[0m
  ↳ app/controllers/employees_controller.rb:14
Redirected to http://localhost:3000/employees/2
Completed 302 Found in 6ms (ActiveRecord: 2.5ms)


Started GET "/employees/2" for 127.0.0.1 at 2018-12-15 16:38:43 +0530
Processing by EmployeesController#show as HTML
  Parameters: {"id"=>"2"}
  [1m[36mEmployee Load (0.3ms)[0m  [1m[34mSELECT  "employees".* FROM "employees" WHERE "employees"."id" = ? LIMIT ?[0m  [["id", 2], ["LIMIT", 1]]
  ↳ app/controllers/employees_controller.rb:9
  Rendering employees/show.html.erb within layouts/application
  Rendered employees/show.html.erb within layouts/application (1.4ms)
Completed 200 OK in 34ms (Views: 27.8ms | ActiveRecord: 0.7ms)


Started GET "/" for 127.0.0.1 at 2018-12-16 11:54:54 +0530
  [1m[35m (1.5ms)[0m  [1m[34mSELECT "schema_migrations"."version" FROM "schema_migrations" ORDER BY "schema_migrations"."version" ASC[0m
  ↳ /Users/juhomi/.rvm/gems/ruby-2.5.1/gems/activerecord-5.2.2/lib/active_record/log_subscriber.rb:98
Processing by Rails::WelcomeController#index as HTML
  Rendering /Users/juhomi/.rvm/gems/ruby-2.5.1/gems/railties-5.2.2/lib/rails/templates/rails/welcome/index.html.erb
  Rendered /Users/juhomi/.rvm/gems/ruby-2.5.1/gems/railties-5.2.2/lib/rails/templates/rails/welcome/index.html.erb (4.6ms)
Completed 200 OK in 31ms (Views: 15.2ms | ActiveRecord: 0.0ms)


Started GET "/employees/new" for 127.0.0.1 at 2018-12-16 11:54:59 +0530
Processing by EmployeesController#new as HTML
  Rendering employees/new.html.erb within layouts/application
  Rendered employees/new.html.erb within layouts/application (24.2ms)
Completed 200 OK in 352ms (Views: 329.7ms | ActiveRecord: 1.6ms)


Started POST "/employees" for 127.0.0.1 at 2018-12-16 11:55:09 +0530
Processing by EmployeesController#create as HTML
  Parameters: {"utf8"=>"✓", "authenticity_token"=>"tGY9ocrAe7I3XtowFjng+5+vV2HKlakE6XD4eJZZHMsb8Br29XozwwvTdxlRJ9Nxs5hptAqHCOyKmWAU5Gm6wg==", "employee"=>{"name"=>"Pradeepa", "age"=>"26", "designation"=>"SD"}, "gender"=>"male", "commit"=>"Create Employee"}
  [1m[35m (0.1ms)[0m  [1m[36mbegin transaction[0m
  ↳ app/controllers/employees_controller.rb:14
  [1m[36mEmployee Create (2.3ms)[0m  [1m[32mINSERT INTO "employees" ("name", "age", "designation", "created_at", "updated_at") VALUES (?, ?, ?, ?, ?)[0m  [["name", "Pradeepa"], ["age", 26], ["designation", "SD"], ["created_at", "2018-12-16 06:25:09.953071"], ["updated_at", "2018-12-16 06:25:09.953071"]]
  ↳ app/controllers/employees_controller.rb:14
  [1m[35m (1.7ms)[0m  [1m[36mcommit transaction[0m
  ↳ app/controllers/employees_controller.rb:14
Redirected to http://localhost:3000/employees/3
Completed 302 Found in 10ms (ActiveRecord: 4.1ms)


Started GET "/employees/3" for 127.0.0.1 at 2018-12-16 11:55:09 +0530
Processing by EmployeesController#show as HTML
  Parameters: {"id"=>"3"}
  [1m[36mEmployee Load (0.3ms)[0m  [1m[34mSELECT  "employees".* FROM "employees" WHERE "employees"."id" = ? LIMIT ?[0m  [["id", 3], ["LIMIT", 1]]
  ↳ app/controllers/employees_controller.rb:9
  Rendering employees/show.html.erb within layouts/application
  Rendered employees/show.html.erb within layouts/application (1.7ms)
Completed 200 OK in 35ms (Views: 22.8ms | ActiveRecord: 0.3ms)


Started GET "/employees/3/edit" for 127.0.0.1 at 2018-12-16 11:55:11 +0530
Processing by EmployeesController#edit as HTML
  Parameters: {"id"=>"3"}
  [1m[36mEmployee Load (0.2ms)[0m  [1m[34mSELECT  "employees".* FROM "employees" WHERE "employees"."id" = ? LIMIT ?[0m  [["id", 3], ["LIMIT", 1]]
  ↳ app/controllers/employees_controller.rb:18
  Rendering employees/edit.html.erb within layouts/application
  Rendered employees/edit.html.erb within layouts/application (4.6ms)
Completed 200 OK in 34ms (Views: 26.0ms | ActiveRecord: 0.2ms)


Started PATCH "/employees/3" for 127.0.0.1 at 2018-12-16 11:55:22 +0530
Processing by EmployeesController#update as HTML
  Parameters: {"utf8"=>"✓", "authenticity_token"=>"bAQYOFllrsXy7DWmTgMViUCToXdBBRzu2K3OT/y+l/V6jgSqq+fgjR83aWuTzl/SiorqBgelABHsVHIfe2OwLQ==", "employee"=>{"name"=>"Pradeepa", "age"=>"26", "designation"=>"SD1", "gender"=>"female"}, "commit"=>"Update Employee", "id"=>"3"}
  [1m[36mEmployee Load (0.1ms)[0m  [1m[34mSELECT  "employees".* FROM "employees" WHERE "employees"."id" = ? LIMIT ?[0m  [["id", 3], ["LIMIT", 1]]
  ↳ app/controllers/employees_controller.rb:21
  [1m[35m (0.1ms)[0m  [1m[36mbegin transaction[0m
  ↳ app/controllers/employees_controller.rb:22
  [1m[36mEmployee Update (0.4ms)[0m  [1m[33mUPDATE "employees" SET "designation" = ?, "gender" = ?, "updated_at" = ? WHERE "employees"."id" = ?[0m  [["designation", "SD1"], ["gender", "female"], ["updated_at", "2018-12-16 06:25:22.785057"], ["id", 3]]
  ↳ app/controllers/employees_controller.rb:22
  [1m[35m (1.8ms)[0m  [1m[36mcommit transaction[0m
  ↳ app/controllers/employees_controller.rb:22
Redirected to http://localhost:3000/employees/3
Completed 302 Found in 8ms (ActiveRecord: 2.4ms)


Started GET "/employees/3" for 127.0.0.1 at 2018-12-16 11:55:22 +0530
Processing by EmployeesController#show as HTML
  Parameters: {"id"=>"3"}
  [1m[36mEmployee Load (0.2ms)[0m  [1m[34mSELECT  "employees".* FROM "employees" WHERE "employees"."id" = ? LIMIT ?[0m  [["id", 3], ["LIMIT", 1]]
  ↳ app/controllers/employees_controller.rb:9
  Rendering employees/show.html.erb within layouts/application
  Rendered employees/show.html.erb within layouts/application (1.4ms)
Completed 200 OK in 35ms (Views: 29.9ms | ActiveRecord: 0.2ms)


Started DELETE "/employees/3" for 127.0.0.1 at 2018-12-16 11:55:29 +0530
Processing by EmployeesController#destroy as HTML
  Parameters: {"authenticity_token"=>"J+VF2mxzxdrr1wOUq//tSYdEJPoQDsD+PiUVhl0TkKKIc2KNU8mNq9darr3s4d7Dq3MaL9AcYRZdzI3qLyM2qw==", "id"=>"3"}
  [1m[36mEmployee Load (0.2ms)[0m  [1m[34mSELECT  "employees".* FROM "employees" WHERE "employees"."id" = ? LIMIT ?[0m  [["id", 3], ["LIMIT", 1]]
  ↳ app/controllers/employees_controller.rb:26
  [1m[35m (0.2ms)[0m  [1m[36mbegin transaction[0m
  ↳ app/controllers/employees_controller.rb:27
  [1m[36mEmployee Destroy (0.9ms)[0m  [1m[31mDELETE FROM "employees" WHERE "employees"."id" = ?[0m  [["id", 3]]
  ↳ app/controllers/employees_controller.rb:27
  [1m[35m (1.9ms)[0m  [1m[36mcommit transaction[0m
  ↳ app/controllers/employees_controller.rb:27
Redirected to http://localhost:3000/employees
Completed 302 Found in 8ms (ActiveRecord: 3.2ms)


Started GET "/employees" for 127.0.0.1 at 2018-12-16 11:55:29 +0530
Processing by EmployeesController#index as HTML
  Rendering employees/index.html.erb within layouts/application
  [1m[36mEmployee Load (0.2ms)[0m  [1m[34mSELECT "employees".* FROM "employees"[0m
  ↳ app/views/employees/index.html.erb:3
  Rendered employees/index.html.erb within layouts/application (1.6ms)
Completed 200 OK in 30ms (Views: 23.3ms | ActiveRecord: 0.2ms)


Started GET "/employees/new" for 127.0.0.1 at 2018-12-16 11:59:43 +0530
Processing by EmployeesController#new as HTML
  Rendering employees/new.html.erb within layouts/application
  Rendered employees/new.html.erb within layouts/application (3.4ms)
Completed 200 OK in 38ms (Views: 33.8ms | ActiveRecord: 0.0ms)


Started GET "/employees/new" for 127.0.0.1 at 2018-12-16 11:59:50 +0530
Processing by EmployeesController#new as HTML
  Rendering employees/new.html.erb within layouts/application
  Rendered employees/new.html.erb within layouts/application (4.1ms)
Completed 200 OK in 30ms (Views: 27.7ms | ActiveRecord: 0.0ms)


Started GET "/" for 127.0.0.1 at 2018-12-16 21:36:06 +0530
  [1m[35m (1.2ms)[0m  [1m[34mSELECT "schema_migrations"."version" FROM "schema_migrations" ORDER BY "schema_migrations"."version" ASC[0m
  ↳ /Users/juhomi/.rvm/gems/ruby-2.5.1/gems/activerecord-5.2.2/lib/active_record/log_subscriber.rb:98
Processing by Rails::WelcomeController#index as HTML
  Rendering /Users/juhomi/.rvm/gems/ruby-2.5.1/gems/railties-5.2.2/lib/rails/templates/rails/welcome/index.html.erb
  Rendered /Users/juhomi/.rvm/gems/ruby-2.5.1/gems/railties-5.2.2/lib/rails/templates/rails/welcome/index.html.erb (7.3ms)
Completed 200 OK in 36ms (Views: 20.9ms | ActiveRecord: 0.0ms)


Started GET "/employees/new" for 127.0.0.1 at 2018-12-16 21:36:11 +0530
Processing by EmployeesController#new as HTML
  Rendering employees/new.html.erb within layouts/application
  Rendered employees/new.html.erb within layouts/application (19.4ms)
Completed 200 OK in 329ms (Views: 309.8ms | ActiveRecord: 0.9ms)


Started POST "/employees" for 127.0.0.1 at 2018-12-16 21:36:23 +0530
Processing by EmployeesController#create as HTML
  Parameters: {"utf8"=>"✓", "authenticity_token"=>"gN/OYFKY4vVUHP33RLOvtJ7D2vticqvKIxqXOZ6f7yUvSek3bSKqhGiRUN4DrZw+svTkLqJgCiJA8w9V7K9JLA==", "employee"=>{"name"=>"Magesh", "age"=>"23", "designation"=>"ST"}, "gender"=>"male", "commit"=>"Create Employee"}
  [1m[35m (0.1ms)[0m  [1m[36mbegin transaction[0m
  ↳ app/controllers/employees_controller.rb:14
  [1m[36mEmployee Create (2.2ms)[0m  [1m[32mINSERT INTO "employees" ("name", "age", "designation", "created_at", "updated_at") VALUES (?, ?, ?, ?, ?)[0m  [["name", "Magesh"], ["age", 23], ["designation", "ST"], ["created_at", "2018-12-16 16:06:23.142826"], ["updated_at", "2018-12-16 16:06:23.142826"]]
  ↳ app/controllers/employees_controller.rb:14
  [1m[35m (2.7ms)[0m  [1m[36mcommit transaction[0m
  ↳ app/controllers/employees_controller.rb:14
Redirected to http://localhost:3000/employees/4
Completed 302 Found in 12ms (ActiveRecord: 5.0ms)


Started GET "/employees/4" for 127.0.0.1 at 2018-12-16 21:36:23 +0530
Processing by EmployeesController#show as HTML
  Parameters: {"id"=>"4"}
  [1m[36mEmployee Load (0.3ms)[0m  [1m[34mSELECT  "employees".* FROM "employees" WHERE "employees"."id" = ? LIMIT ?[0m  [["id", 4], ["LIMIT", 1]]
  ↳ app/controllers/employees_controller.rb:9
  Rendering employees/show.html.erb within layouts/application
  Rendered employees/show.html.erb within layouts/application (1.5ms)
Completed 200 OK in 40ms (Views: 30.1ms | ActiveRecord: 0.3ms)


Started GET "/employees/4/edit" for 127.0.0.1 at 2018-12-16 21:36:28 +0530
Processing by EmployeesController#edit as HTML
  Parameters: {"id"=>"4"}
  [1m[36mEmployee Load (0.3ms)[0m  [1m[34mSELECT  "employees".* FROM "employees" WHERE "employees"."id" = ? LIMIT ?[0m  [["id", 4], ["LIMIT", 1]]
  ↳ app/controllers/employees_controller.rb:18
  Rendering employees/edit.html.erb within layouts/application
  Rendered employees/edit.html.erb within layouts/application (5.3ms)
Completed 200 OK in 51ms (Views: 43.0ms | ActiveRecord: 0.3ms)


Started PATCH "/employees/4" for 127.0.0.1 at 2018-12-16 21:36:32 +0530
Processing by EmployeesController#update as HTML
  Parameters: {"utf8"=>"✓", "authenticity_token"=>"oYdJcBMCNM3UrTy68RQVy+yFSoIKUDLKLIm3fgyx+hmSYv/aSIxNedxQ+L7AogMte8a1iWIOh5QbH+a0cdxRkg==", "employee"=>{"name"=>"Magesh", "age"=>"30", "designation"=>"ST", "gender"=>""}, "commit"=>"Update Employee", "id"=>"4"}
  [1m[36mEmployee Load (0.1ms)[0m  [1m[34mSELECT  "employees".* FROM "employees" WHERE "employees"."id" = ? LIMIT ?[0m  [["id", 4], ["LIMIT", 1]]
  ↳ app/controllers/employees_controller.rb:21
  [1m[35m (0.1ms)[0m  [1m[36mbegin transaction[0m
  ↳ app/controllers/employees_controller.rb:22
  [1m[36mEmployee Update (0.8ms)[0m  [1m[33mUPDATE "employees" SET "age" = ?, "gender" = ?, "updated_at" = ? WHERE "employees"."id" = ?[0m  [["age", 30], ["gender", ""], ["updated_at", "2018-12-16 16:06:32.748837"], ["id", 4]]
  ↳ app/controllers/employees_controller.rb:22
  [1m[35m (1.8ms)[0m  [1m[36mcommit transaction[0m
  ↳ app/controllers/employees_controller.rb:22
Redirected to http://localhost:3000/employees/4
Completed 302 Found in 10ms (ActiveRecord: 2.8ms)


Started GET "/employees/4" for 127.0.0.1 at 2018-12-16 21:36:32 +0530
Processing by EmployeesController#show as HTML
  Parameters: {"id"=>"4"}
  [1m[36mEmployee Load (0.2ms)[0m  [1m[34mSELECT  "employees".* FROM "employees" WHERE "employees"."id" = ? LIMIT ?[0m  [["id", 4], ["LIMIT", 1]]
  ↳ app/controllers/employees_controller.rb:9
  Rendering employees/show.html.erb within layouts/application
  Rendered employees/show.html.erb within layouts/application (2.2ms)
Completed 200 OK in 33ms (Views: 28.7ms | ActiveRecord: 0.2ms)


Started DELETE "/employees/4" for 127.0.0.1 at 2018-12-16 21:36:46 +0530
Processing by EmployeesController#destroy as HTML
  Parameters: {"authenticity_token"=>"8xVcJ/ym0VMGE3gvO2Ds4LSalCcxgYjXowPHQXmVGzZcg3twwxyZIjqe1QZ8ft9qmK2q8vGTKT/A6l8tC6W9Pw==", "id"=>"4"}
  [1m[36mEmployee Load (0.4ms)[0m  [1m[34mSELECT  "employees".* FROM "employees" WHERE "employees"."id" = ? LIMIT ?[0m  [["id", 4], ["LIMIT", 1]]
  ↳ app/controllers/employees_controller.rb:26
  [1m[35m (0.1ms)[0m  [1m[36mbegin transaction[0m
  ↳ app/controllers/employees_controller.rb:27
  [1m[36mEmployee Destroy (0.5ms)[0m  [1m[31mDELETE FROM "employees" WHERE "employees"."id" = ?[0m  [["id", 4]]
  ↳ app/controllers/employees_controller.rb:27
  [1m[35m (2.3ms)[0m  [1m[36mcommit transaction[0m
  ↳ app/controllers/employees_controller.rb:27
Redirected to http://localhost:3000/employees
Completed 302 Found in 9ms (ActiveRecord: 3.2ms)


Started GET "/employees" for 127.0.0.1 at 2018-12-16 21:36:46 +0530
Processing by EmployeesController#index as HTML
  Rendering employees/index.html.erb within layouts/application
  [1m[36mEmployee Load (0.2ms)[0m  [1m[34mSELECT "employees".* FROM "employees"[0m
  ↳ app/views/employees/index.html.erb:3
  Rendered employees/index.html.erb within layouts/application (1.7ms)
Completed 200 OK in 32ms (Views: 27.0ms | ActiveRecord: 0.2ms)


Started GET "/employees/1" for 127.0.0.1 at 2018-12-16 21:36:55 +0530
Processing by EmployeesController#show as HTML
  Parameters: {"id"=>"1"}
  [1m[36mEmployee Load (0.2ms)[0m  [1m[34mSELECT  "employees".* FROM "employees" WHERE "employees"."id" = ? LIMIT ?[0m  [["id", 1], ["LIMIT", 1]]
  ↳ app/controllers/employees_controller.rb:9
  Rendering employees/show.html.erb within layouts/application
  Rendered employees/show.html.erb within layouts/application (1.3ms)
Completed 200 OK in 34ms (Views: 28.0ms | ActiveRecord: 0.2ms)


Started GET "/employees/2" for 127.0.0.1 at 2018-12-16 21:37:08 +0530
Processing by EmployeesController#show as HTML
  Parameters: {"id"=>"2"}
  [1m[36mEmployee Load (0.3ms)[0m  [1m[34mSELECT  "employees".* FROM "employees" WHERE "employees"."id" = ? LIMIT ?[0m  [["id", 2], ["LIMIT", 1]]
  ↳ app/controllers/employees_controller.rb:9
  Rendering employees/show.html.erb within layouts/application
  Rendered employees/show.html.erb within layouts/application (1.1ms)
Completed 200 OK in 30ms (Views: 22.8ms | ActiveRecord: 0.3ms)


Started GET "/employees/2/edit" for 127.0.0.1 at 2018-12-16 21:37:09 +0530
Processing by EmployeesController#edit as HTML
  Parameters: {"id"=>"2"}
  [1m[36mEmployee Load (0.5ms)[0m  [1m[34mSELECT  "employees".* FROM "employees" WHERE "employees"."id" = ? LIMIT ?[0m  [["id", 2], ["LIMIT", 1]]
  ↳ app/controllers/employees_controller.rb:18
  Rendering employees/edit.html.erb within layouts/application
  Rendered employees/edit.html.erb within layouts/application (3.7ms)
Completed 200 OK in 36ms (Views: 26.9ms | ActiveRecord: 0.5ms)


Started GET "/employees/2/edit" for 127.0.0.1 at 2018-12-16 22:20:50 +0530
  [1m[35m (2.1ms)[0m  [1m[34mSELECT "schema_migrations"."version" FROM "schema_migrations" ORDER BY "schema_migrations"."version" ASC[0m
  ↳ /Users/juhomi/.rvm/gems/ruby-2.5.1/gems/activerecord-5.2.2/lib/active_record/log_subscriber.rb:98
Processing by EmployeesController#edit as HTML
  Parameters: {"id"=>"2"}
  [1m[36mEmployee Load (1.5ms)[0m  [1m[34mSELECT  "employees".* FROM "employees" WHERE "employees"."id" = ? LIMIT ?[0m  [["id", 2], ["LIMIT", 1]]
  ↳ app/controllers/employees_controller.rb:18
  Rendering employees/edit.html.erb within layouts/application
  Rendered employees/edit.html.erb within layouts/application (25.6ms)
Completed 200 OK in 419ms (Views: 384.0ms | ActiveRecord: 3.1ms)


Started GET "/employees" for 127.0.0.1 at 2018-12-16 22:20:57 +0530
Processing by EmployeesController#index as HTML
  Rendering employees/index.html.erb within layouts/application
  [1m[36mEmployee Load (0.2ms)[0m  [1m[34mSELECT "employees".* FROM "employees"[0m
  ↳ app/views/employees/index.html.erb:3
  Rendered employees/index.html.erb within layouts/application (2.6ms)
Completed 200 OK in 55ms (Views: 48.0ms | ActiveRecord: 0.2ms)


Started GET "/employees/1" for 127.0.0.1 at 2018-12-16 22:20:59 +0530
Processing by EmployeesController#show as HTML
  Parameters: {"id"=>"1"}
  [1m[36mEmployee Load (0.3ms)[0m  [1m[34mSELECT  "employees".* FROM "employees" WHERE "employees"."id" = ? LIMIT ?[0m  [["id", 1], ["LIMIT", 1]]
  ↳ app/controllers/employees_controller.rb:9
  Rendering employees/show.html.erb within layouts/application
  Rendered employees/show.html.erb within layouts/application (1.5ms)
Completed 200 OK in 40ms (Views: 29.3ms | ActiveRecord: 0.3ms)


Started DELETE "/employees/1" for 127.0.0.1 at 2018-12-16 22:21:02 +0530
Processing by EmployeesController#destroy as HTML
  Parameters: {"authenticity_token"=>"scmG0uzwQckyiCDdfspxcAKdfeFmIUk3a4dG7AN/gVkeX6GF00oJuA4FjfQ51EL6LqpDNKYz6N8Ibt6AcU8nUA==", "id"=>"1"}
  [1m[36mEmployee Load (0.1ms)[0m  [1m[34mSELECT  "employees".* FROM "employees" WHERE "employees"."id" = ? LIMIT ?[0m  [["id", 1], ["LIMIT", 1]]
  ↳ app/controllers/employees_controller.rb:26
  [1m[35m (0.1ms)[0m  [1m[36mbegin transaction[0m
  ↳ app/controllers/employees_controller.rb:27
  [1m[36mEmployee Destroy (0.5ms)[0m  [1m[31mDELETE FROM "employees" WHERE "employees"."id" = ?[0m  [["id", 1]]
  ↳ app/controllers/employees_controller.rb:27
  [1m[35m (2.8ms)[0m  [1m[36mcommit transaction[0m
  ↳ app/controllers/employees_controller.rb:27
Redirected to http://localhost:3000/employees
Completed 302 Found in 8ms (ActiveRecord: 3.6ms)


Started GET "/employees" for 127.0.0.1 at 2018-12-16 22:21:02 +0530
Processing by EmployeesController#index as HTML
  Rendering employees/index.html.erb within layouts/application
  [1m[36mEmployee Load (0.9ms)[0m  [1m[34mSELECT "employees".* FROM "employees"[0m
  ↳ app/views/employees/index.html.erb:3
  Rendered employees/index.html.erb within layouts/application (5.0ms)
Completed 200 OK in 44ms (Views: 37.4ms | ActiveRecord: 0.9ms)


Started GET "/employees" for 127.0.0.1 at 2018-12-16 22:21:03 +0530
Processing by EmployeesController#index as HTML
  Rendering employees/index.html.erb within layouts/application
  [1m[36mEmployee Load (0.1ms)[0m  [1m[34mSELECT "employees".* FROM "employees"[0m
  ↳ app/views/employees/index.html.erb:3
  Rendered employees/index.html.erb within layouts/application (1.4ms)
Completed 200 OK in 26ms (Views: 23.0ms | ActiveRecord: 0.1ms)


